<?xml version="1.0" encoding="UTF-8" ?>
<testsuite tests="6" failures="0" name="com.example.LionTest" time="0.004" errors="0" skipped="0">
  <properties>
[...]
</properties>
  <testcase classname="com.example.LionTest" name="getFoodTest[0]" time="0.003"/>
  <testcase classname="com.example.LionTest" name="doesHaveManeTest[0]" time="0"/>
  <testcase classname="com.example.LionTest" name="getKittensTest[0]" time="0.001"/>
  <testcase classname="com.example.LionTest" name="getFoodTest[1]" time="0"/>
  <testcase classname="com.example.LionTest" name="doesHaveManeTest[1]" time="0"/>
  <testcase classname="com.example.LionTest" name="getKittensTest[1]" time="0"/>
</testsuite>